[2026-03-12--15-01-53 INFO actix_server::builder] starting 5 workers
[2026-03-12--15-01-53 INFO actix_server::server] Tokio runtime found; starting in existing Tokio runtime
[2026-03-12--15-01-53 INFO actix_server::server] starting service: "actix-web-service-127.0.0.1:18488", workers: 5, listening on: 127.0.0.1:18488
[2026-03-12--15-01-53 DEBUG reqwest::connect] starting new connection: https://api.mainnet-beta.solana.com/
[2026-03-12--15-01-53 DEBUG hyper_util::client::legacy::connect::http] connecting to 216.245.220.118:443
[2026-03-12--15-01-54 DEBUG hyper_util::client::legacy::connect::http] connected to 216.245.220.118:443
[2026-03-12--15-01-54 DEBUG hyper_util::client::legacy::pool] pooling idle connection for ("https", api.mainnet-beta.solana.com)
[2026-03-12--15-01-54 DEBUG solana_runtime::message_processor::stable_log] Program 11111111111111111111111111111111 invoke [1]
[2026-03-12--15-01-54 DEBUG solana_runtime::message_processor::stable_log] Program 11111111111111111111111111111111 success
[2026-03-12--15-01-54 DEBUG reqwest::connect] starting new connection: https://cloud.txtx.run/
[2026-03-12--15-01-54 DEBUG hyper::client::connect::dns] resolving host="cloud.txtx.run"
[2026-03-12--15-01-54 INFO parity_ws] Listening for new connections on 127.0.0.1:8900.
[2026-03-12--15-01-54 DEBUG jsonrpc_ws_server::server] Bound to local address: 127.0.0.1:8900
[2026-03-12--15-01-54 DEBUG hyper::client::connect::http] connecting to 66.33.60.34:443
[2026-03-12--15-01-54 DEBUG hyper::client::connect::http] connected to 66.33.60.34:443
[2026-03-12--15-01-54 DEBUG rustls::client::hs] No cached session for DnsName("cloud.txtx.run")
[2026-03-12--15-01-54 DEBUG rustls::client::hs] Not resuming any session
[2026-03-12--15-01-54 DEBUG rustls::client::hs] Using ciphersuite TLS13_AES_128_GCM_SHA256
[2026-03-12--15-01-54 DEBUG rustls::client::tls13] Not resuming
[2026-03-12--15-01-54 DEBUG rustls::client::tls13] TLS1.3 encrypted extensions: [Protocols([ProtocolName(6832)]), ServerNameAck]
[2026-03-12--15-01-54 DEBUG rustls::client::hs] ALPN protocol is Some(b"h2")
[2026-03-12--15-01-54 DEBUG h2::client] binding client connection
[2026-03-12--15-01-54 DEBUG h2::client] client connection bound
[2026-03-12--15-01-54 DEBUG h2::codec::framed_write] send frame=Settings { flags: (0x0), enable_push: 0, initial_window_size: 2097152, max_frame_size: 16384 }
[2026-03-12--15-01-54 DEBUG h2::proto::connection] Connection; peer=Client
[2026-03-12--15-01-54 DEBUG h2::codec::framed_write] send frame=WindowUpdate { stream_id: StreamId(0), size_increment: 5177345 }
[2026-03-12--15-01-54 DEBUG hyper::client::pool] pooling idle connection for ("https", cloud.txtx.run)
[2026-03-12--15-01-54 DEBUG h2::codec::framed_write] send frame=Headers { stream_id: StreamId(1), flags: (0x5: END_HEADERS | END_STREAM) }
[2026-03-12--15-01-54 DEBUG h2::codec::framed_read] received frame=Settings { flags: (0x0), header_table_size: 4096, max_concurrent_streams: 250, initial_window_size: 1048576, max_frame_size: 1048576, max_header_list_size: 2097472 }
[2026-03-12--15-01-54 DEBUG h2::codec::framed_write] send frame=Settings { flags: (0x1: ACK) }
[2026-03-12--15-01-54 DEBUG h2::codec::framed_read] received frame=Settings { flags: (0x1: ACK) }
[2026-03-12--15-01-54 DEBUG h2::proto::settings] received settings ACK; applying Settings { flags: (0x0), enable_push: 0, initial_window_size: 2097152, max_frame_size: 16384 }
[2026-03-12--15-01-54 DEBUG h2::codec::framed_read] received frame=WindowUpdate { stream_id: StreamId(0), size_increment: 983041 }
[2026-03-12--15-01-55 DEBUG h2::codec::framed_read] received frame=Headers { stream_id: StreamId(1), flags: (0x4: END_HEADERS) }
[2026-03-12--15-01-55 DEBUG h2::codec::framed_read] received frame=Data { stream_id: StreamId(1) }
[2026-03-12--15-01-55 DEBUG h2::codec::framed_read] received frame=Data { stream_id: StreamId(1), flags: (0x1: END_STREAM) }
[2026-03-12--15-01-55 INFO surfpool::cli::simnet] Datasource connection successful. Epoch 939 / Slot index 318234 / Slot 405966234.
[2026-03-12--15-01-55 INFO surfpool::cli::simnet] Account 7eCTmt5LYSqnjgw8jebHjUzf8X7omxEpxYHbsXsmPtZQ updated.
[2026-03-12--15-01-55 INFO surfpool::cli::simnet] Genesis airdrop successful 7eCTmt5LYSqnjgw8jebHjUzf8X7omxEpxYHbsXsmPtZQ: 10000000000000
[2026-03-12--15-01-55 INFO surfpool::cli::simnet] Transaction processed 2fMNhKzSBDYGTKpvpRA2iydt9nS5KHCT3tyozmRxted5opmvB3aVoFneL8QvQmrskDAVvTK6EZsT2MUctxi5QWYu
[2026-03-12--15-01-55 INFO surfpool::cli::simnet] Program 11111111111111111111111111111111 invoke [1]
[2026-03-12--15-01-55 INFO surfpool::cli::simnet] Program 11111111111111111111111111111111 success
[2026-03-12--15-01-55 DEBUG h2::codec::framed_write] send frame=GoAway { error_code: NO_ERROR, last_stream_id: StreamId(0) }
[2026-03-12--15-01-55 DEBUG h2::proto::connection] Connection::poll; connection error error=GoAway(b"", NO_ERROR, Library)
[2026-03-12--15-01-55 DEBUG rustls::common_state] Sending warning alert CloseNotify
[2026-03-12--15-17-47 DEBUG hyper::proto::h1::io] parsed 13 headers
[2026-03-12--15-17-47 DEBUG hyper::proto::h1::conn] incoming body is empty
[2026-03-12--15-17-47 DEBUG hyper::proto::h1::io] flushed 340 bytes
[2026-03-12--15-17-47 DEBUG hyper::proto::h1::io] parsed 18 headers
[2026-03-12--15-17-47 DEBUG hyper::proto::h1::conn] incoming body is content-length (180 bytes)
[2026-03-12--15-17-47 DEBUG hyper::proto::h1::conn] incoming body completed
[2026-03-12--15-17-47 DEBUG surfpool_core::rpc] Processing request 'getTokenAccountBalance'
[2026-03-12--15-17-47 DEBUG reqwest::connect] starting new connection: https://api.mainnet-beta.solana.com/
[2026-03-12--15-17-48 DEBUG hyper_util::client::legacy::connect::http] connecting to 216.245.220.118:443
[2026-03-12--15-17-48 DEBUG hyper_util::client::legacy::connect::http] connected to 216.245.220.118:443
[2026-03-12--15-17-48 DEBUG surfpool_core::rpc] RPC error for method 'getTokenAccountBalance': code=InvalidParams, message=Account AYJHegKmdBKkvTCRBHQ4FcZDR3WFStbP6rh1mvBYogq3 not found
[2026-03-12--15-17-48 DEBUG rpc] Response: {"jsonrpc":"2.0","error":{"code":-32602,"message":"Account AYJHegKmdBKkvTCRBHQ4FcZDR3WFStbP6rh1mvBYogq3 not found"},"id":"a88ffe05-e8ea-4e1b-bf4f-a2b78cbbf0ca"}.
[2026-03-12--15-17-48 DEBUG hyper::proto::h1::io] flushed 396 bytes
[2026-03-12--15-23-09 DEBUG hyper::proto::h1::conn] read eof
[2026-03-12--15-29-35 DEBUG hyper::proto::h1::io] parsed 13 headers
[2026-03-12--15-29-35 DEBUG hyper::proto::h1::conn] incoming body is empty
[2026-03-12--15-29-35 DEBUG hyper::proto::h1::io] flushed 340 bytes
[2026-03-12--15-29-35 DEBUG hyper::proto::h1::io] parsed 18 headers
[2026-03-12--15-29-35 DEBUG hyper::proto::h1::conn] incoming body is content-length (180 bytes)
[2026-03-12--15-29-35 DEBUG hyper::proto::h1::conn] incoming body completed
[2026-03-12--15-29-35 DEBUG surfpool_core::rpc] Processing request 'getTokenAccountBalance'
[2026-03-12--15-29-35 DEBUG reqwest::connect] starting new connection: https://api.mainnet-beta.solana.com/
[2026-03-12--15-29-35 DEBUG hyper_util::client::legacy::connect::http] connecting to 216.245.220.118:443
[2026-03-12--15-29-36 DEBUG hyper_util::client::legacy::connect::http] connected to 216.245.220.118:443
[2026-03-12--15-29-36 DEBUG surfpool_core::rpc] RPC error for method 'getTokenAccountBalance': code=InvalidParams, message=Account AYJHegKmdBKkvTCRBHQ4FcZDR3WFStbP6rh1mvBYogq3 not found
[2026-03-12--15-29-36 DEBUG rpc] Response: {"jsonrpc":"2.0","error":{"code":-32602,"message":"Account AYJHegKmdBKkvTCRBHQ4FcZDR3WFStbP6rh1mvBYogq3 not found"},"id":"8c92b64a-a17c-419e-8b4d-3795dfd0743f"}.
[2026-03-12--15-29-36 DEBUG hyper::proto::h1::io] flushed 396 bytes
[2026-03-12--15-29-37 DEBUG hyper::proto::h1::io] parsed 18 headers
[2026-03-12--15-29-37 DEBUG hyper::proto::h1::conn] incoming body is content-length (180 bytes)
[2026-03-12--15-29-37 DEBUG hyper::proto::h1::conn] incoming body completed
[2026-03-12--15-29-37 DEBUG surfpool_core::rpc] Processing request 'getTokenAccountBalance'
[2026-03-12--15-29-37 DEBUG reqwest::connect] starting new connection: https://api.mainnet-beta.solana.com/
[2026-03-12--15-29-38 DEBUG hyper_util::client::legacy::connect::http] connecting to 216.245.220.118:443
[2026-03-12--15-29-38 DEBUG hyper_util::client::legacy::connect::http] connected to 216.245.220.118:443
[2026-03-12--15-29-38 DEBUG surfpool_core::rpc] RPC error for method 'getTokenAccountBalance': code=InvalidParams, message=Account AYJHegKmdBKkvTCRBHQ4FcZDR3WFStbP6rh1mvBYogq3 not found
[2026-03-12--15-29-38 DEBUG rpc] Response: {"jsonrpc":"2.0","error":{"code":-32602,"message":"Account AYJHegKmdBKkvTCRBHQ4FcZDR3WFStbP6rh1mvBYogq3 not found"},"id":"3ecae261-6f4e-4ddf-b0e5-7e5850ae6b80"}.
[2026-03-12--15-29-38 DEBUG hyper::proto::h1::io] flushed 396 bytes
[2026-03-12--15-34-44 DEBUG hyper::proto::h1::conn] read eof
[2026-03-12--15-39-51 DEBUG surfpool_core::surfnet::svm] Clearing liteSVM cache at slot 405972000
