[2026-03-12--13-13-31 INFO actix_server::builder] starting 5 workers
[2026-03-12--13-13-31 INFO actix_server::server] Tokio runtime found; starting in existing Tokio runtime
[2026-03-12--13-13-31 INFO actix_server::server] starting service: "actix-web-service-127.0.0.1:18488", workers: 5, listening on: 127.0.0.1:18488
[2026-03-12--13-13-31 DEBUG reqwest::connect] starting new connection: https://api.mainnet-beta.solana.com/
[2026-03-12--13-13-32 DEBUG hyper_util::client::legacy::connect::http] connecting to 69.162.81.6:443
[2026-03-12--13-13-32 DEBUG hyper_util::client::legacy::connect::http] connected to 69.162.81.6:443
[2026-03-12--13-13-32 DEBUG hyper_util::client::legacy::pool] pooling idle connection for ("https", api.mainnet-beta.solana.com)
[2026-03-12--13-13-32 DEBUG solana_runtime::message_processor::stable_log] Program 11111111111111111111111111111111 invoke [1]
[2026-03-12--13-13-32 DEBUG solana_runtime::message_processor::stable_log] Program 11111111111111111111111111111111 success
[2026-03-12--13-13-32 DEBUG reqwest::connect] starting new connection: https://cloud.txtx.run/
[2026-03-12--13-13-32 DEBUG hyper::client::connect::dns] resolving host="cloud.txtx.run"
[2026-03-12--13-13-32 INFO parity_ws] Listening for new connections on 127.0.0.1:8900.
[2026-03-12--13-13-32 DEBUG jsonrpc_ws_server::server] Bound to local address: 127.0.0.1:8900
[2026-03-12--13-13-32 DEBUG hyper::client::connect::http] connecting to 66.33.60.66:443
[2026-03-12--13-13-32 DEBUG hyper::client::connect::http] connected to 66.33.60.66:443
[2026-03-12--13-13-32 DEBUG rustls::client::hs] No cached session for DnsName("cloud.txtx.run")
[2026-03-12--13-13-32 DEBUG rustls::client::hs] Not resuming any session
[2026-03-12--13-13-32 DEBUG rustls::client::hs] Using ciphersuite TLS13_AES_128_GCM_SHA256
[2026-03-12--13-13-32 DEBUG rustls::client::tls13] Not resuming
[2026-03-12--13-13-32 DEBUG rustls::client::tls13] TLS1.3 encrypted extensions: [Protocols([ProtocolName(6832)]), ServerNameAck]
[2026-03-12--13-13-32 DEBUG rustls::client::hs] ALPN protocol is Some(b"h2")
[2026-03-12--13-13-32 DEBUG h2::client] binding client connection
[2026-03-12--13-13-32 DEBUG h2::client] client connection bound
[2026-03-12--13-13-32 DEBUG h2::codec::framed_write] send frame=Settings { flags: (0x0), enable_push: 0, initial_window_size: 2097152, max_frame_size: 16384 }
[2026-03-12--13-13-32 DEBUG h2::proto::connection] Connection; peer=Client
[2026-03-12--13-13-32 DEBUG h2::codec::framed_write] send frame=WindowUpdate { stream_id: StreamId(0), size_increment: 5177345 }
[2026-03-12--13-13-32 DEBUG hyper::client::pool] pooling idle connection for ("https", cloud.txtx.run)
[2026-03-12--13-13-32 DEBUG h2::codec::framed_write] send frame=Headers { stream_id: StreamId(1), flags: (0x5: END_HEADERS | END_STREAM) }
[2026-03-12--13-13-32 DEBUG h2::codec::framed_read] received frame=Settings { flags: (0x0), header_table_size: 4096, max_concurrent_streams: 250, initial_window_size: 1048576, max_frame_size: 1048576, max_header_list_size: 2097472 }
[2026-03-12--13-13-32 DEBUG h2::codec::framed_write] send frame=Settings { flags: (0x1: ACK) }
[2026-03-12--13-13-32 DEBUG h2::codec::framed_read] received frame=WindowUpdate { stream_id: StreamId(0), size_increment: 983041 }
[2026-03-12--13-13-32 DEBUG h2::codec::framed_read] received frame=Settings { flags: (0x1: ACK) }
[2026-03-12--13-13-32 DEBUG h2::proto::settings] received settings ACK; applying Settings { flags: (0x0), enable_push: 0, initial_window_size: 2097152, max_frame_size: 16384 }
[2026-03-12--13-13-33 DEBUG h2::codec::framed_read] received frame=Headers { stream_id: StreamId(1), flags: (0x4: END_HEADERS) }
[2026-03-12--13-13-33 DEBUG h2::codec::framed_read] received frame=Data { stream_id: StreamId(1) }
[2026-03-12--13-13-33 DEBUG h2::codec::framed_read] received frame=Data { stream_id: StreamId(1), flags: (0x1: END_STREAM) }
[2026-03-12--13-13-33 DEBUG h2::codec::framed_write] send frame=GoAway { error_code: NO_ERROR, last_stream_id: StreamId(0) }
[2026-03-12--13-13-33 DEBUG h2::proto::connection] Connection::poll; connection error error=GoAway(b"", NO_ERROR, Library)
[2026-03-12--13-13-33 DEBUG rustls::common_state] Sending warning alert CloseNotify
[2026-03-12--13-13-33 INFO surfpool::cli::simnet] Datasource connection successful. Epoch 939 / Slot index 301670 / Slot 405949670.
[2026-03-12--13-13-33 INFO surfpool::cli::simnet] Account 7eCTmt5LYSqnjgw8jebHjUzf8X7omxEpxYHbsXsmPtZQ updated.
[2026-03-12--13-13-33 INFO surfpool::cli::simnet] Genesis airdrop successful 7eCTmt5LYSqnjgw8jebHjUzf8X7omxEpxYHbsXsmPtZQ: 10000000000000
[2026-03-12--13-13-33 INFO surfpool::cli::simnet] Transaction processed 9H8NkoUT1dGFymjgFsBRJg3UXXmjzS4W8GbQi45asGpLDrwBr6J6FrFKPg9gdPFWGVEU2Pcx6YZmsiqQX33J7AR
[2026-03-12--13-13-33 INFO surfpool::cli::simnet] Program 11111111111111111111111111111111 invoke [1]
[2026-03-12--13-13-33 INFO surfpool::cli::simnet] Program 11111111111111111111111111111111 success
[2026-03-12--13-13-45 DEBUG hyper::proto::h1::io] parsed 6 headers
[2026-03-12--13-13-45 DEBUG hyper::proto::h1::conn] incoming body is content-length (131 bytes)
[2026-03-12--13-13-45 DEBUG hyper::proto::h1::conn] incoming body completed
[2026-03-12--13-13-45 DEBUG surfpool_core::rpc] Processing request 'getBalance'
[2026-03-12--13-13-45 DEBUG rpc] Response: {"jsonrpc":"2.0","result":{"context":{"slot":405949701,"apiVersion":"3.1.6"},"value":10000000000000},"id":0}.
[2026-03-12--13-13-45 DEBUG hyper::proto::h1::io] flushed 233 bytes
[2026-03-12--13-13-45 DEBUG hyper::proto::h1::io] parsed 6 headers
[2026-03-12--13-13-45 DEBUG hyper::proto::h1::conn] incoming body is content-length (92 bytes)
[2026-03-12--13-13-45 DEBUG hyper::proto::h1::conn] incoming body completed
[2026-03-12--13-13-45 DEBUG surfpool_core::rpc] Processing request 'getLatestBlockhash'
[2026-03-12--13-13-45 DEBUG rpc] Response: {"jsonrpc":"2.0","result":{"context":{"slot":405949701,"apiVersion":"3.1.6"},"value":{"blockhash":"SURFNETxSAFEHASHxxxxxxxxxxxxxxxxxxxxxxxxx2x","lastValidBlockHeight":183}},"id":1}.
[2026-03-12--13-13-45 DEBUG hyper::proto::h1::io] flushed 305 bytes
[2026-03-12--13-13-45 DEBUG hyper::proto::h1::io] parsed 6 headers
[2026-03-12--13-13-45 DEBUG hyper::proto::h1::conn] incoming body is content-length (211 bytes)
[2026-03-12--13-13-45 DEBUG hyper::proto::h1::conn] incoming body completed
[2026-03-12--13-13-45 DEBUG surfpool_core::rpc] Processing request 'requestAirdrop'
[2026-03-12--13-13-45 DEBUG solana_runtime::message_processor::stable_log] Program 11111111111111111111111111111111 invoke [1]
[2026-03-12--13-13-45 DEBUG solana_runtime::message_processor::stable_log] Program 11111111111111111111111111111111 success
[2026-03-12--13-13-45 DEBUG rpc] Response: {"jsonrpc":"2.0","result":"4uxMnYNSP9c8F7XzPZJ6Sgc8Nh2T78uWorW7FWENDbQzWGtNGHsiymnKUegqW2PocZLysgCk9jwxniEDGzL2VXtt","id":2}.
[2026-03-12--13-13-45 INFO surfpool::cli::simnet] Account 7eCTmt5LYSqnjgw8jebHjUzf8X7omxEpxYHbsXsmPtZQ updated.
[2026-03-12--13-13-45 DEBUG hyper::proto::h1::io] flushed 249 bytes
[2026-03-12--13-13-45 DEBUG hyper::proto::h1::io] parsed 6 headers
[2026-03-12--13-13-45 DEBUG hyper::proto::h1::conn] incoming body is content-length (160 bytes)
[2026-03-12--13-13-45 DEBUG hyper::proto::h1::conn] incoming body completed
[2026-03-12--13-13-45 DEBUG surfpool_core::rpc] Processing request 'getSignatureStatuses'
[2026-03-12--13-13-45 DEBUG rpc] Response: {"jsonrpc":"2.0","result":{"context":{"slot":405949701,"apiVersion":"3.1.6"},"value":[null]},"id":3}.
[2026-03-12--13-13-45 DEBUG hyper::proto::h1::io] flushed 225 bytes
[2026-03-12--13-13-45 DEBUG hyper::proto::h1::io] parsed 6 headers
[2026-03-12--13-13-45 DEBUG hyper::proto::h1::conn] incoming body is content-length (136 bytes)
[2026-03-12--13-13-45 DEBUG hyper::proto::h1::conn] incoming body completed
[2026-03-12--13-13-45 DEBUG surfpool_core::rpc] Processing request 'isBlockhashValid'
[2026-03-12--13-13-45 DEBUG rpc] Response: {"jsonrpc":"2.0","result":{"context":{"slot":405949701,"apiVersion":"3.1.6"},"value":true},"id":4}.
[2026-03-12--13-13-45 DEBUG hyper::proto::h1::io] flushed 222 bytes
[2026-03-12--13-13-45 DEBUG hyper::proto::h1::io] parsed 6 headers
[2026-03-12--13-13-45 DEBUG hyper::proto::h1::conn] incoming body is content-length (160 bytes)
[2026-03-12--13-13-45 DEBUG hyper::proto::h1::conn] incoming body completed
[2026-03-12--13-13-45 DEBUG surfpool_core::rpc] Processing request 'getSignatureStatuses'
[2026-03-12--13-13-45 DEBUG rpc] Response: {"jsonrpc":"2.0","result":{"context":{"slot":405949702,"apiVersion":"3.1.6"},"value":[{"slot":405949701,"confirmations":1,"status":{"Ok":null},"err":null,"confirmationStatus":"confirmed"}]},"id":5}.
[2026-03-12--13-13-45 DEBUG hyper::proto::h1::io] flushed 322 bytes
[2026-03-12--13-13-45 DEBUG hyper::proto::h1::io] parsed 6 headers
[2026-03-12--13-13-45 DEBUG hyper::proto::h1::conn] incoming body is content-length (160 bytes)
[2026-03-12--13-13-45 DEBUG hyper::proto::h1::conn] incoming body completed
[2026-03-12--13-13-45 DEBUG surfpool_core::rpc] Processing request 'getSignatureStatuses'
[2026-03-12--13-13-45 DEBUG rpc] Response: {"jsonrpc":"2.0","result":{"context":{"slot":405949702,"apiVersion":"3.1.6"},"value":[{"slot":405949701,"confirmations":1,"status":{"Ok":null},"err":null,"confirmationStatus":"confirmed"}]},"id":6}.
[2026-03-12--13-13-45 DEBUG hyper::proto::h1::io] flushed 322 bytes
[2026-03-12--13-13-45 DEBUG hyper::proto::h1::io] parsed 6 headers
[2026-03-12--13-13-45 DEBUG hyper::proto::h1::conn] incoming body is content-length (131 bytes)
[2026-03-12--13-13-45 DEBUG hyper::proto::h1::conn] incoming body completed
[2026-03-12--13-13-45 DEBUG surfpool_core::rpc] Processing request 'getBalance'
[2026-03-12--13-13-45 DEBUG rpc] Response: {"jsonrpc":"2.0","result":{"context":{"slot":405949702,"apiVersion":"3.1.6"},"value":10010000000000},"id":7}.
[2026-03-12--13-13-45 DEBUG hyper::proto::h1::io] flushed 233 bytes
[2026-03-12--13-13-45 DEBUG hyper::proto::h1::conn] read eof
[2026-03-12--13-16-08 DEBUG hyper::proto::h1::io] parsed 6 headers
[2026-03-12--13-16-08 DEBUG hyper::proto::h1::conn] incoming body is content-length (131 bytes)
[2026-03-12--13-16-08 DEBUG hyper::proto::h1::conn] incoming body completed
[2026-03-12--13-16-08 DEBUG surfpool_core::rpc] Processing request 'getBalance'
[2026-03-12--13-16-08 DEBUG rpc] Response: {"jsonrpc":"2.0","result":{"context":{"slot":405950065,"apiVersion":"3.1.6"},"value":10010000000000},"id":0}.
[2026-03-12--13-16-08 DEBUG hyper::proto::h1::io] flushed 233 bytes
[2026-03-12--13-16-08 DEBUG hyper::proto::h1::io] parsed 6 headers
[2026-03-12--13-16-08 DEBUG hyper::proto::h1::conn] incoming body is content-length (92 bytes)
[2026-03-12--13-16-08 DEBUG hyper::proto::h1::conn] incoming body completed
[2026-03-12--13-16-08 DEBUG surfpool_core::rpc] Processing request 'getLatestBlockhash'
[2026-03-12--13-16-08 DEBUG rpc] Response: {"jsonrpc":"2.0","result":{"context":{"slot":405950065,"apiVersion":"3.1.6"},"value":{"blockhash":"SURFNETxSAFEHASHxxxxxxxxxxxxxxxxxxxxxxxx18c","lastValidBlockHeight":547}},"id":1}.
[2026-03-12--13-16-08 DEBUG hyper::proto::h1::io] flushed 305 bytes
[2026-03-12--13-16-08 DEBUG hyper::proto::h1::io] parsed 6 headers
[2026-03-12--13-16-08 DEBUG hyper::proto::h1::conn] incoming body is content-length (211 bytes)
[2026-03-12--13-16-08 DEBUG hyper::proto::h1::conn] incoming body completed
[2026-03-12--13-16-08 DEBUG surfpool_core::rpc] Processing request 'requestAirdrop'
[2026-03-12--13-16-08 DEBUG solana_runtime::message_processor::stable_log] Program 11111111111111111111111111111111 invoke [1]
[2026-03-12--13-16-08 DEBUG solana_runtime::message_processor::stable_log] Program 11111111111111111111111111111111 success
[2026-03-12--13-16-08 DEBUG rpc] Response: {"jsonrpc":"2.0","result":"51UAJsfb4TfFrxQ1igjXpYmoXZJiCRR12HoBS3tPC16rSHEqBw4W69usQ8eJtbAbJrvxoDPBQCDbU1cwTjPP46Kj","id":2}.
[2026-03-12--13-16-08 INFO surfpool::cli::simnet] Account 7eCTmt5LYSqnjgw8jebHjUzf8X7omxEpxYHbsXsmPtZQ updated.
[2026-03-12--13-16-08 DEBUG hyper::proto::h1::io] flushed 249 bytes
[2026-03-12--13-16-08 DEBUG hyper::proto::h1::io] parsed 6 headers
[2026-03-12--13-16-08 DEBUG hyper::proto::h1::conn] incoming body is content-length (160 bytes)
[2026-03-12--13-16-08 DEBUG hyper::proto::h1::conn] incoming body completed
[2026-03-12--13-16-08 DEBUG surfpool_core::rpc] Processing request 'getSignatureStatuses'
[2026-03-12--13-16-08 DEBUG rpc] Response: {"jsonrpc":"2.0","result":{"context":{"slot":405950065,"apiVersion":"3.1.6"},"value":[null]},"id":3}.
[2026-03-12--13-16-08 DEBUG hyper::proto::h1::io] flushed 225 bytes
[2026-03-12--13-16-08 DEBUG hyper::proto::h1::io] parsed 6 headers
[2026-03-12--13-16-08 DEBUG hyper::proto::h1::conn] incoming body is content-length (136 bytes)
[2026-03-12--13-16-08 DEBUG hyper::proto::h1::conn] incoming body completed
[2026-03-12--13-16-08 DEBUG surfpool_core::rpc] Processing request 'isBlockhashValid'
[2026-03-12--13-16-08 DEBUG rpc] Response: {"jsonrpc":"2.0","result":{"context":{"slot":405950065,"apiVersion":"3.1.6"},"value":true},"id":4}.
[2026-03-12--13-16-08 DEBUG hyper::proto::h1::io] flushed 222 bytes
[2026-03-12--13-16-09 DEBUG hyper::proto::h1::io] parsed 6 headers
[2026-03-12--13-16-09 DEBUG hyper::proto::h1::conn] incoming body is content-length (160 bytes)
[2026-03-12--13-16-09 DEBUG hyper::proto::h1::conn] incoming body completed
[2026-03-12--13-16-09 DEBUG surfpool_core::rpc] Processing request 'getSignatureStatuses'
[2026-03-12--13-16-09 DEBUG rpc] Response: {"jsonrpc":"2.0","result":{"context":{"slot":405950066,"apiVersion":"3.1.6"},"value":[{"slot":405950065,"confirmations":1,"status":{"Ok":null},"err":null,"confirmationStatus":"confirmed"}]},"id":5}.
[2026-03-12--13-16-09 DEBUG hyper::proto::h1::io] flushed 322 bytes
[2026-03-12--13-16-09 DEBUG hyper::proto::h1::io] parsed 6 headers
[2026-03-12--13-16-09 DEBUG hyper::proto::h1::conn] incoming body is content-length (160 bytes)
[2026-03-12--13-16-09 DEBUG hyper::proto::h1::conn] incoming body completed
[2026-03-12--13-16-09 DEBUG surfpool_core::rpc] Processing request 'getSignatureStatuses'
[2026-03-12--13-16-09 DEBUG rpc] Response: {"jsonrpc":"2.0","result":{"context":{"slot":405950066,"apiVersion":"3.1.6"},"value":[{"slot":405950065,"confirmations":1,"status":{"Ok":null},"err":null,"confirmationStatus":"confirmed"}]},"id":6}.
[2026-03-12--13-16-09 DEBUG hyper::proto::h1::io] flushed 322 bytes
[2026-03-12--13-16-09 DEBUG hyper::proto::h1::io] parsed 6 headers
[2026-03-12--13-16-09 DEBUG hyper::proto::h1::conn] incoming body is content-length (131 bytes)
[2026-03-12--13-16-09 DEBUG hyper::proto::h1::conn] incoming body completed
[2026-03-12--13-16-09 DEBUG surfpool_core::rpc] Processing request 'getBalance'
[2026-03-12--13-16-09 DEBUG rpc] Response: {"jsonrpc":"2.0","result":{"context":{"slot":405950066,"apiVersion":"3.1.6"},"value":10020000000000},"id":7}.
[2026-03-12--13-16-09 DEBUG hyper::proto::h1::io] flushed 233 bytes
[2026-03-12--13-16-09 DEBUG hyper::proto::h1::conn] read eof
[2026-03-12--13-17-58 DEBUG hyper::proto::h1::io] parsed 6 headers
[2026-03-12--13-17-58 DEBUG hyper::proto::h1::conn] incoming body is content-length (131 bytes)
[2026-03-12--13-17-58 DEBUG hyper::proto::h1::conn] incoming body completed
[2026-03-12--13-17-58 DEBUG surfpool_core::rpc] Processing request 'getBalance'
[2026-03-12--13-17-58 DEBUG rpc] Response: {"jsonrpc":"2.0","result":{"context":{"slot":405950342,"apiVersion":"3.1.6"},"value":10020000000000},"id":0}.
[2026-03-12--13-17-58 DEBUG hyper::proto::h1::io] flushed 233 bytes
[2026-03-12--13-17-58 DEBUG hyper::proto::h1::io] parsed 6 headers
[2026-03-12--13-17-58 DEBUG hyper::proto::h1::conn] incoming body is content-length (92 bytes)
[2026-03-12--13-17-58 DEBUG hyper::proto::h1::conn] incoming body completed
[2026-03-12--13-17-58 DEBUG surfpool_core::rpc] Processing request 'getLatestBlockhash'
[2026-03-12--13-17-58 DEBUG rpc] Response: {"jsonrpc":"2.0","result":{"context":{"slot":405950342,"apiVersion":"3.1.6"},"value":{"blockhash":"SURFNETxSAFEHASHxxxxxxxxxxxxxxxxxxxxxxxx2a1","lastValidBlockHeight":824}},"id":1}.
[2026-03-12--13-17-58 DEBUG hyper::proto::h1::io] flushed 305 bytes
[2026-03-12--13-17-58 DEBUG hyper::proto::h1::io] parsed 6 headers
[2026-03-12--13-17-58 DEBUG hyper::proto::h1::conn] incoming body is content-length (211 bytes)
[2026-03-12--13-17-58 DEBUG hyper::proto::h1::conn] incoming body completed
[2026-03-12--13-17-58 DEBUG surfpool_core::rpc] Processing request 'requestAirdrop'
[2026-03-12--13-17-58 DEBUG solana_runtime::message_processor::stable_log] Program 11111111111111111111111111111111 invoke [1]
[2026-03-12--13-17-58 DEBUG solana_runtime::message_processor::stable_log] Program 11111111111111111111111111111111 success
[2026-03-12--13-17-58 DEBUG rpc] Response: {"jsonrpc":"2.0","result":"xeLhXsPzK4hvnTyvPscRNUkkTRfMzn1PZFD1C5qyB7e2Kfe43N6E8LqEosbTVo9gi2ZJATKRNx6aRuhgkUcZgvs","id":2}.
[2026-03-12--13-17-58 INFO surfpool::cli::simnet] Account 7eCTmt5LYSqnjgw8jebHjUzf8X7omxEpxYHbsXsmPtZQ updated.
[2026-03-12--13-17-58 DEBUG hyper::proto::h1::io] flushed 248 bytes
[2026-03-12--13-17-58 DEBUG hyper::proto::h1::io] parsed 6 headers
[2026-03-12--13-17-58 DEBUG hyper::proto::h1::conn] incoming body is content-length (159 bytes)
[2026-03-12--13-17-58 DEBUG hyper::proto::h1::conn] incoming body completed
[2026-03-12--13-17-58 DEBUG surfpool_core::rpc] Processing request 'getSignatureStatuses'
[2026-03-12--13-17-58 DEBUG rpc] Response: {"jsonrpc":"2.0","result":{"context":{"slot":405950342,"apiVersion":"3.1.6"},"value":[null]},"id":3}.
[2026-03-12--13-17-58 DEBUG hyper::proto::h1::io] flushed 225 bytes
[2026-03-12--13-17-58 DEBUG hyper::proto::h1::io] parsed 6 headers
[2026-03-12--13-17-58 DEBUG hyper::proto::h1::conn] incoming body is content-length (136 bytes)
[2026-03-12--13-17-58 DEBUG hyper::proto::h1::conn] incoming body completed
[2026-03-12--13-17-58 DEBUG surfpool_core::rpc] Processing request 'isBlockhashValid'
[2026-03-12--13-17-58 DEBUG rpc] Response: {"jsonrpc":"2.0","result":{"context":{"slot":405950342,"apiVersion":"3.1.6"},"value":true},"id":4}.
[2026-03-12--13-17-58 DEBUG hyper::proto::h1::io] flushed 222 bytes
[2026-03-12--13-17-58 DEBUG hyper::proto::h1::io] parsed 6 headers
[2026-03-12--13-17-58 DEBUG hyper::proto::h1::conn] incoming body is content-length (159 bytes)
[2026-03-12--13-17-58 DEBUG hyper::proto::h1::conn] incoming body completed
[2026-03-12--13-17-58 DEBUG surfpool_core::rpc] Processing request 'getSignatureStatuses'
[2026-03-12--13-17-58 DEBUG rpc] Response: {"jsonrpc":"2.0","result":{"context":{"slot":405950343,"apiVersion":"3.1.6"},"value":[{"slot":405950342,"confirmations":1,"status":{"Ok":null},"err":null,"confirmationStatus":"confirmed"}]},"id":5}.
[2026-03-12--13-17-58 DEBUG hyper::proto::h1::io] flushed 322 bytes
[2026-03-12--13-17-58 DEBUG hyper::proto::h1::io] parsed 6 headers
[2026-03-12--13-17-58 DEBUG hyper::proto::h1::conn] incoming body is content-length (159 bytes)
[2026-03-12--13-17-58 DEBUG hyper::proto::h1::conn] incoming body completed
[2026-03-12--13-17-58 DEBUG surfpool_core::rpc] Processing request 'getSignatureStatuses'
[2026-03-12--13-17-58 DEBUG rpc] Response: {"jsonrpc":"2.0","result":{"context":{"slot":405950343,"apiVersion":"3.1.6"},"value":[{"slot":405950342,"confirmations":1,"status":{"Ok":null},"err":null,"confirmationStatus":"confirmed"}]},"id":6}.
[2026-03-12--13-17-58 DEBUG hyper::proto::h1::io] flushed 322 bytes
[2026-03-12--13-17-58 DEBUG hyper::proto::h1::io] parsed 6 headers
[2026-03-12--13-17-58 DEBUG hyper::proto::h1::conn] incoming body is content-length (131 bytes)
[2026-03-12--13-17-58 DEBUG hyper::proto::h1::conn] incoming body completed
[2026-03-12--13-17-58 DEBUG surfpool_core::rpc] Processing request 'getBalance'
[2026-03-12--13-17-58 DEBUG rpc] Response: {"jsonrpc":"2.0","result":{"context":{"slot":405950343,"apiVersion":"3.1.6"},"value":10030000000000},"id":7}.
[2026-03-12--13-17-58 DEBUG hyper::proto::h1::io] flushed 233 bytes
[2026-03-12--13-17-58 DEBUG hyper::proto::h1::conn] read eof
[2026-03-12--13-18-51 INFO actix_server::worker] shutting down idle worker
[2026-03-12--13-18-51 INFO actix_server::worker] shutting down idle worker
[2026-03-12--13-18-51 INFO actix_server::worker] shutting down idle worker
[2026-03-12--13-18-51 INFO actix_server::worker] shutting down idle worker
[2026-03-12--13-18-51 INFO actix_server::worker] shutting down idle worker
[2026-03-12--13-18-51 DEBUG actix_server::accept] paused accepting connections on 127.0.0.1:18488
[2026-03-12--13-18-51 INFO actix_server::accept] accept thread stopped
